2023-10-16 13:12:39,804 INFO  c.e.testApi.TestApiApplication - Starting TestApiApplication using Java 19.0.2 with PID 187763 (/home/dilharatm/Documents/Sanota_Projects/SMS_Project/testApi/target/classes started by dilharatm in /home/dilharatm/Documents/Sanota_Projects/SMS_Project/testApi)
2023-10-16 13:12:39,805 DEBUG c.e.testApi.TestApiApplication - Running with Spring Boot v3.1.4, Spring v6.0.12
2023-10-16 13:12:39,805 INFO  c.e.testApi.TestApiApplication - No active profile set, falling back to 1 default profile: "default"
2023-10-16 13:12:40,674 INFO  o.s.b.w.e.tomcat.TomcatWebServer - Tomcat initialized with port(s): 8080 (http)
2023-10-16 13:12:40,965 INFO  o.s.b.w.s.c.ServletWebServerApplicationContext - Root WebApplicationContext: initialization completed in 1128 ms
2023-10-16 13:12:41,202 INFO  o.s.b.w.e.tomcat.TomcatWebServer - Tomcat started on port(s): 8080 (http) with context path ''
2023-10-16 13:12:41,208 INFO  c.e.testApi.TestApiApplication - Started TestApiApplication in 2.08 seconds (process running for 3.86)
2023-10-16 13:13:33,664 INFO  o.s.web.servlet.DispatcherServlet - Initializing Servlet 'dispatcherServlet'
2023-10-16 13:13:33,706 INFO  o.s.web.servlet.DispatcherServlet - Completed initialization in 1 ms
2023-10-16 13:13:34,129 INFO  c.e.t.controller.apiController - Received API Request Body: {
  "inboundSMSMessageNotification": {
    "callbackData": "callbackdata",
    "inboundSMSMessage": {
      "dateTime": "2016-01-01 03:00:00",
      "destinationAddress": "tel:+87711",
      "messageId": "D-I-42-12f93c0e5b1f0cb03947096f01fef",
      "message": "Test SMS",
      "senderAddress": "94766691500"
    }
  }
}
2023-10-16 13:15:03,504 INFO  c.e.t.controller.apiController - Received API Request Body: {
  "inboundSMSMessageNotification": {
    "callbackData": "callbackdata",
    "inboundSMSMessage": {
      "dateTime": "2016-01-01 03:00:00",
      "destinationAddress": "tel:+87711",
      "messageId": "D-I-42-12f93c0e5b1f0cb03947096f01fef",
      "message": "Test SMS",
      "senderAddress": "94766691500"
    }
  }
}
2023-10-16 13:15:41,530 INFO  c.e.t.controller.apiController - Received API Request Body: {
  "inboundSMSMessageNotification": {
    "callbackData": "callbackdata",
    "inboundSMSMessage": {
      "dateTime": "2016-01-01 03:00:00",
      "destinationAddress": "tel:+87711",
      "messageId": "D-I-42-12f93c0e5b1f0cb03947096f01fef",
      "message": "Test SMS 2",
      "senderAddress": "94766691500"
    }
  }
}
2023-10-16 13:17:00,580 INFO  c.e.testApi.TestApiApplication - Starting TestApiApplication using Java 19.0.2 with PID 192142 (/home/dilharatm/Documents/Sanota_Projects/SMS_Project/testApi/target/classes started by dilharatm in /home/dilharatm/Documents/Sanota_Projects/SMS_Project/testApi)
2023-10-16 13:17:00,687 DEBUG c.e.testApi.TestApiApplication - Running with Spring Boot v3.1.4, Spring v6.0.12
2023-10-16 13:17:00,688 INFO  c.e.testApi.TestApiApplication - No active profile set, falling back to 1 default profile: "default"
2023-10-16 13:17:05,874 INFO  o.s.b.w.e.tomcat.TomcatWebServer - Tomcat initialized with port(s): 8080 (http)
2023-10-16 13:17:07,423 INFO  o.s.b.w.s.c.ServletWebServerApplicationContext - Root WebApplicationContext: initialization completed in 6505 ms
2023-10-16 13:17:07,881 INFO  o.s.b.w.e.tomcat.TomcatWebServer - Tomcat started on port(s): 8080 (http) with context path ''
2023-10-16 13:17:07,887 INFO  c.e.testApi.TestApiApplication - Started TestApiApplication in 10.397 seconds (process running for 15.516)
2023-10-16 13:17:20,982 INFO  o.s.web.servlet.DispatcherServlet - Initializing Servlet 'dispatcherServlet'
2023-10-16 13:17:21,022 INFO  o.s.web.servlet.DispatcherServlet - Completed initialization in 0 ms
2023-10-16 13:17:21,086 INFO  c.e.t.controller.apiController - Received API Request Body: {
  "inboundSMSMessageNotification": {
    "callbackData": "callbackdata",
    "inboundSMSMessage": {
      "dateTime": "2016-01-01 03:00:00",
      "destinationAddress": "tel:+87711",
      "messageId": "D-I-42-12f93c0e5b1f0cb03947096f01fef",
      "message": "Test SMS 2",
      "senderAddress": "94766691500"
    }
  }
}
2023-10-16 13:21:25,811 INFO  c.e.testApi.TestApiApplication - Starting TestApiApplication using Java 19.0.2 with PID 196838 (/home/dilharatm/Documents/Sanota_Projects/SMS_Project/testApi/target/classes started by dilharatm in /home/dilharatm/Documents/Sanota_Projects/SMS_Project/testApi)
2023-10-16 13:21:25,883 DEBUG c.e.testApi.TestApiApplication - Running with Spring Boot v3.1.4, Spring v6.0.12
2023-10-16 13:21:25,883 INFO  c.e.testApi.TestApiApplication - No active profile set, falling back to 1 default profile: "default"
2023-10-16 13:21:29,746 INFO  o.s.b.w.e.tomcat.TomcatWebServer - Tomcat initialized with port(s): 8080 (http)
2023-10-16 13:21:30,932 INFO  o.s.b.w.s.c.ServletWebServerApplicationContext - Root WebApplicationContext: initialization completed in 4872 ms
2023-10-16 13:21:31,288 INFO  o.s.b.w.e.tomcat.TomcatWebServer - Tomcat started on port(s): 8080 (http) with context path ''
2023-10-16 13:21:31,294 INFO  c.e.testApi.TestApiApplication - Started TestApiApplication in 6.978 seconds (process running for 16.772)
2023-10-16 13:21:54,062 INFO  o.s.web.servlet.DispatcherServlet - Initializing Servlet 'dispatcherServlet'
2023-10-16 13:21:54,063 INFO  o.s.web.servlet.DispatcherServlet - Completed initialization in 0 ms
2023-10-16 13:21:54,200 INFO  c.e.t.controller.apiController - Received API Request Body: {
  "inboundSMSMessageNotification": {
    "callbackData": "callbackdata",
    "inboundSMSMessage": {
      "dateTime": "2016-01-01 03:00:00",
      "destinationAddress": "tel:+87711",
      "messageId": "D-I-42-12f93c0e5b1f0cb03947096f01fef",
      "message": "Test SMS 1",
      "senderAddress": "94766691500"
    }
  }
}
2023-10-16 13:23:37,033 INFO  c.e.t.controller.apiController - Received API Request Body: {
  "inboundSMSMessageNotification": {
    "callbackData": "callbackdata",
    "inboundSMSMessage": {
      "dateTime": "2016-01-01 03:00:00",
      "destinationAddress": "tel:+87711",
      "messageId": "D-I-42-12f93c0e5b1f0cb03947096f01fef",
      "message": "Test SMS 2",
      "senderAddress": "94766691500"
    }
  }
}
2023-10-17 15:48:59,112 INFO  c.e.testApi.TestApiApplication - Starting TestApiApplication using Java 19 with PID 14120 (D:\JaruwaTest\testApi\target\classes started by Dinith Dharshika in D:\JaruwaTest\testApi)
2023-10-17 15:48:59,120 DEBUG c.e.testApi.TestApiApplication - Running with Spring Boot v3.1.4, Spring v6.0.12
2023-10-17 15:48:59,123 INFO  c.e.testApi.TestApiApplication - No active profile set, falling back to 1 default profile: "default"
2023-10-17 15:49:02,958 INFO  o.s.b.w.e.tomcat.TomcatWebServer - Tomcat initialized with port(s): 8080 (http)
2023-10-17 15:49:03,321 INFO  o.s.b.w.s.c.ServletWebServerApplicationContext - Root WebApplicationContext: initialization completed in 4012 ms
2023-10-17 15:49:04,629 INFO  o.s.b.w.e.tomcat.TomcatWebServer - Tomcat started on port(s): 8080 (http) with context path ''
2023-10-17 15:49:04,660 INFO  c.e.testApi.TestApiApplication - Started TestApiApplication in 7.002 seconds (process running for 11.585)
